<?xml version="1.0" encoding="UTF-8"?>
<testsuite name="com.andermirik.eurekaservice.EurekaServiceApplicationTests" tests="1" skipped="0" failures="0" errors="0" timestamp="2020-10-18T18:48:18" hostname="DESKTOP-KLJ9DRI" time="0.296">
  <properties/>
  <testcase name="contextLoads()" classname="com.andermirik.eurekaservice.EurekaServiceApplicationTests" time="0.296"/>
  <system-out><![CDATA[21:48:10.590 [Test worker] DEBUG org.springframework.test.context.BootstrapUtils - Instantiating CacheAwareContextLoaderDelegate from class [org.springframework.test.context.cache.DefaultCacheAwareContextLoaderDelegate]
21:48:10.601 [Test worker] DEBUG org.springframework.test.context.BootstrapUtils - Instantiating BootstrapContext using constructor [public org.springframework.test.context.support.DefaultBootstrapContext(java.lang.Class,org.springframework.test.context.CacheAwareContextLoaderDelegate)]
21:48:10.621 [Test worker] DEBUG org.springframework.test.context.BootstrapUtils - Instantiating TestContextBootstrapper for test class [com.andermirik.eurekaservice.EurekaServiceApplicationTests] from class [org.springframework.boot.test.context.SpringBootTestContextBootstrapper]
21:48:10.632 [Test worker] INFO org.springframework.boot.test.context.SpringBootTestContextBootstrapper - Neither @ContextConfiguration nor @ContextHierarchy found for test class [com.andermirik.eurekaservice.EurekaServiceApplicationTests], using SpringBootContextLoader
21:48:10.635 [Test worker] DEBUG org.springframework.test.context.support.AbstractContextLoader - Did not detect default resource location for test class [com.andermirik.eurekaservice.EurekaServiceApplicationTests]: class path resource [com/andermirik/eurekaservice/EurekaServiceApplicationTests-context.xml] does not exist
21:48:10.635 [Test worker] DEBUG org.springframework.test.context.support.AbstractContextLoader - Did not detect default resource location for test class [com.andermirik.eurekaservice.EurekaServiceApplicationTests]: class path resource [com/andermirik/eurekaservice/EurekaServiceApplicationTestsContext.groovy] does not exist
21:48:10.635 [Test worker] INFO org.springframework.test.context.support.AbstractContextLoader - Could not detect default resource locations for test class [com.andermirik.eurekaservice.EurekaServiceApplicationTests]: no resource found for suffixes {-context.xml, Context.groovy}.
21:48:10.639 [Test worker] INFO org.springframework.test.context.support.AnnotationConfigContextLoaderUtils - Could not detect default configuration classes for test class [com.andermirik.eurekaservice.EurekaServiceApplicationTests]: EurekaServiceApplicationTests does not declare any static, non-private, non-final, nested classes annotated with @Configuration.
21:48:10.668 [Test worker] DEBUG org.springframework.test.context.support.ActiveProfilesUtils - Could not find an 'annotation declaring class' for annotation type [org.springframework.test.context.ActiveProfiles] and class [com.andermirik.eurekaservice.EurekaServiceApplicationTests]
21:48:10.717 [Test worker] DEBUG org.springframework.context.annotation.ClassPathScanningCandidateComponentProvider - Identified candidate component class: file [C:\Users\andermirik\Desktop\tz\eureka-service\build\classes\java\main\com\andermirik\eurekaservice\EurekaServiceApplication.class]
21:48:10.718 [Test worker] INFO org.springframework.boot.test.context.SpringBootTestContextBootstrapper - Found @SpringBootConfiguration com.andermirik.eurekaservice.EurekaServiceApplication for test class com.andermirik.eurekaservice.EurekaServiceApplicationTests
21:48:10.812 [Test worker] DEBUG org.springframework.boot.test.context.SpringBootTestContextBootstrapper - @TestExecutionListeners is not present for class [com.andermirik.eurekaservice.EurekaServiceApplicationTests]: using defaults.
21:48:10.813 [Test worker] INFO org.springframework.boot.test.context.SpringBootTestContextBootstrapper - Loaded default TestExecutionListener class names from location [META-INF/spring.factories]: [org.springframework.boot.test.autoconfigure.restdocs.RestDocsTestExecutionListener, org.springframework.boot.test.autoconfigure.web.client.MockRestServiceServerResetTestExecutionListener, org.springframework.boot.test.autoconfigure.web.servlet.MockMvcPrintOnlyOnFailureTestExecutionListener, org.springframework.boot.test.autoconfigure.web.servlet.WebDriverTestExecutionListener, org.springframework.boot.test.autoconfigure.webservices.client.MockWebServiceServerTestExecutionListener, org.springframework.boot.test.mock.mockito.MockitoTestExecutionListener, org.springframework.boot.test.mock.mockito.ResetMocksTestExecutionListener, org.springframework.test.context.web.ServletTestExecutionListener, org.springframework.test.context.support.DirtiesContextBeforeModesTestExecutionListener, org.springframework.test.context.support.DependencyInjectionTestExecutionListener, org.springframework.test.context.support.DirtiesContextTestExecutionListener, org.springframework.test.context.transaction.TransactionalTestExecutionListener, org.springframework.test.context.jdbc.SqlScriptsTestExecutionListener, org.springframework.test.context.event.EventPublishingTestExecutionListener]
21:48:10.821 [Test worker] DEBUG org.springframework.boot.test.context.SpringBootTestContextBootstrapper - Skipping candidate TestExecutionListener [org.springframework.test.context.transaction.TransactionalTestExecutionListener] due to a missing dependency. Specify custom listener classes or make the default listener classes and their required dependencies available. Offending class: [org/springframework/transaction/interceptor/TransactionAttributeSource]
21:48:10.822 [Test worker] DEBUG org.springframework.boot.test.context.SpringBootTestContextBootstrapper - Skipping candidate TestExecutionListener [org.springframework.test.context.jdbc.SqlScriptsTestExecutionListener] due to a missing dependency. Specify custom listener classes or make the default listener classes and their required dependencies available. Offending class: [org/springframework/transaction/interceptor/TransactionAttribute]
21:48:10.822 [Test worker] INFO org.springframework.boot.test.context.SpringBootTestContextBootstrapper - Using TestExecutionListeners: [org.springframework.test.context.web.ServletTestExecutionListener@267bf9e0, org.springframework.test.context.support.DirtiesContextBeforeModesTestExecutionListener@7ac8083e, org.springframework.boot.test.mock.mockito.MockitoTestExecutionListener@65f51161, org.springframework.boot.test.autoconfigure.SpringBootDependencyInjectionTestExecutionListener@2d8a5196, org.springframework.test.context.support.DirtiesContextTestExecutionListener@54c7093e, org.springframework.test.context.event.EventPublishingTestExecutionListener@6ef47260, org.springframework.boot.test.autoconfigure.restdocs.RestDocsTestExecutionListener@23c708c6, org.springframework.boot.test.autoconfigure.web.client.MockRestServiceServerResetTestExecutionListener@5c3efbc9, org.springframework.boot.test.autoconfigure.web.servlet.MockMvcPrintOnlyOnFailureTestExecutionListener@30dc8789, org.springframework.boot.test.autoconfigure.web.servlet.WebDriverTestExecutionListener@7df69480, org.springframework.boot.test.autoconfigure.webservices.client.MockWebServiceServerTestExecutionListener@66ec22c0, org.springframework.boot.test.mock.mockito.ResetMocksTestExecutionListener@4da76d67]
21:48:10.825 [Test worker] DEBUG org.springframework.test.context.support.AbstractDirtiesContextTestExecutionListener - Before test class: context [DefaultTestContext@2d075c5c testClass = EurekaServiceApplicationTests, testInstance = [null], testMethod = [null], testException = [null], mergedContextConfiguration = [WebMergedContextConfiguration@74f477e7 testClass = EurekaServiceApplicationTests, locations = '{}', classes = '{class com.andermirik.eurekaservice.EurekaServiceApplication}', contextInitializerClasses = '[]', activeProfiles = '{}', propertySourceLocations = '{}', propertySourceProperties = '{org.springframework.boot.test.context.SpringBootTestContextBootstrapper=true}', contextCustomizers = set[org.springframework.boot.test.autoconfigure.properties.PropertyMappingContextCustomizer@0, org.springframework.boot.test.autoconfigure.web.servlet.WebDriverContextCustomizerFactory$Customizer@42039e71, org.springframework.boot.test.context.filter.ExcludeFilterContextCustomizer@4f89fd2b, org.springframework.boot.test.json.DuplicateJsonObjectContextCustomizerFactory$DuplicateJsonObjectContextCustomizer@6969c2ab, org.springframework.boot.test.mock.mockito.MockitoContextCustomizer@0, org.springframework.boot.test.web.client.TestRestTemplateContextCustomizer@5ab36aa9, org.springframework.boot.test.context.SpringBootTestArgs@1], resourceBasePath = 'src/main/webapp', contextLoader = 'org.springframework.boot.test.context.SpringBootContextLoader', parent = [null]], attributes = map['org.springframework.test.context.web.ServletTestExecutionListener.activateListener' -> true]], class annotated with @DirtiesContext [false] with mode [null].
21:48:10.850 [Test worker] DEBUG org.springframework.test.context.support.TestPropertySourceUtils - Adding inlined properties to environment: {spring.jmx.enabled=false, org.springframework.boot.test.context.SpringBootTestContextBootstrapper=true}

  .   ____          _            __ _ _
 /\\ / ___'_ __ _ _(_)_ __  __ _ \ \ \ \
( ( )\___ | '_ | '_| | '_ \/ _` | \ \ \ \
 \\/  ___)| |_)| | | | | || (_| |  ) ) ) )
  '  |____| .__|_| |_|_| |_\__, | / / / /
 =========|_|==============|___/=/_/_/_/
 :: Spring Boot ::        (v2.3.4.RELEASE)

2020-10-18 21:48:13.701  INFO 15240 --- [    Test worker] c.a.e.EurekaServiceApplicationTests      : No active profile set, falling back to default profiles: default
2020-10-18 21:48:14.222  WARN 15240 --- [    Test worker] o.s.boot.actuate.endpoint.EndpointId     : Endpoint ID 'service-registry' contains invalid characters, please migrate to a valid format.
2020-10-18 21:48:14.319  INFO 15240 --- [    Test worker] o.s.cloud.context.scope.GenericScope     : BeanFactory id=3fce5e99-1da4-3d0e-9942-f52a2f1b0096
2020-10-18 21:48:14.561  WARN 15240 --- [    Test worker] o.s.c.n.a.ArchaiusAutoConfiguration      : No spring.application.name found, defaulting to 'application'
2020-10-18 21:48:14.564  WARN 15240 --- [    Test worker] c.n.c.sources.URLConfigurationSource     : No URLs will be polled as dynamic configuration sources.
2020-10-18 21:48:14.564  INFO 15240 --- [    Test worker] c.n.c.sources.URLConfigurationSource     : To enable URLs as dynamic configuration sources, define System property archaius.configurationSource.additionalUrls or make config.properties available on classpath.
2020-10-18 21:48:14.573  WARN 15240 --- [    Test worker] c.n.c.sources.URLConfigurationSource     : No URLs will be polled as dynamic configuration sources.
2020-10-18 21:48:14.573  INFO 15240 --- [    Test worker] c.n.c.sources.URLConfigurationSource     : To enable URLs as dynamic configuration sources, define System property archaius.configurationSource.additionalUrls or make config.properties available on classpath.
2020-10-18 21:48:15.023  INFO 15240 --- [    Test worker] o.s.s.concurrent.ThreadPoolTaskExecutor  : Initializing ExecutorService 'applicationTaskExecutor'
2020-10-18 21:48:16.350  INFO 15240 --- [    Test worker] o.s.cloud.commons.util.InetUtils         : Cannot determine local hostname
2020-10-18 21:48:17.754  INFO 15240 --- [    Test worker] o.s.cloud.commons.util.InetUtils         : Cannot determine local hostname
2020-10-18 21:48:17.764  INFO 15240 --- [    Test worker] DiscoveryClientOptionalArgsConfiguration : Eureka HTTP Client uses Jersey
2020-10-18 21:48:17.825  WARN 15240 --- [    Test worker] ockingLoadBalancerClientRibbonWarnLogger : You already have RibbonLoadBalancerClient on your classpath. It will be used by default. As Spring Cloud Ribbon is in maintenance mode. We recommend switching to BlockingLoadBalancerClient instead. In order to use it, set the value of `spring.cloud.loadbalancer.ribbon.enabled` to `false` or remove spring-cloud-starter-netflix-ribbon from your project.
2020-10-18 21:48:18.027  INFO 15240 --- [    Test worker] o.s.c.n.eureka.InstanceInfoFactory       : Setting initial instance status as: STARTING
2020-10-18 21:48:18.051  INFO 15240 --- [    Test worker] com.netflix.discovery.DiscoveryClient    : Initializing Eureka in region us-east-1
2020-10-18 21:48:18.052  INFO 15240 --- [    Test worker] com.netflix.discovery.DiscoveryClient    : Client configured to neither register nor query for data.
2020-10-18 21:48:18.058  INFO 15240 --- [    Test worker] com.netflix.discovery.DiscoveryClient    : Discovery Client initialized at timestamp 1603046898057 with initial instances count: 0
2020-10-18 21:48:18.098  INFO 15240 --- [    Test worker] c.n.eureka.DefaultEurekaServerContext    : Initializing ...
2020-10-18 21:48:18.100  WARN 15240 --- [    Test worker] c.n.eureka.cluster.PeerEurekaNodes       : The replica size seems to be empty. Check the route 53 DNS Registry
2020-10-18 21:48:18.162  INFO 15240 --- [    Test worker] c.n.e.registry.AbstractInstanceRegistry  : Finished initializing remote region registries. All known remote regions: []
2020-10-18 21:48:18.166  INFO 15240 --- [    Test worker] c.n.eureka.DefaultEurekaServerContext    : Initialized
2020-10-18 21:48:18.295  INFO 15240 --- [    Test worker] o.s.b.a.e.web.EndpointLinksResolver      : Exposing 2 endpoint(s) beneath base path '/actuator'
2020-10-18 21:48:18.330  INFO 15240 --- [    Test worker] o.s.c.n.e.s.EurekaServiceRegistry        : Registering application UNKNOWN with eureka with status UP
2020-10-18 21:48:18.332  INFO 15240 --- [      Thread-13] o.s.c.n.e.server.EurekaServerBootstrap   : Setting the eureka configuration..
2020-10-18 21:48:18.332  INFO 15240 --- [      Thread-13] o.s.c.n.e.server.EurekaServerBootstrap   : Eureka data center value eureka.datacenter is not set, defaulting to default
2020-10-18 21:48:18.332  INFO 15240 --- [      Thread-13] o.s.c.n.e.server.EurekaServerBootstrap   : Eureka environment value eureka.environment is not set, defaulting to test
2020-10-18 21:48:18.339  INFO 15240 --- [      Thread-13] o.s.c.n.e.server.EurekaServerBootstrap   : isAws returned false
2020-10-18 21:48:18.340  INFO 15240 --- [      Thread-13] o.s.c.n.e.server.EurekaServerBootstrap   : Initialized server context
2020-10-18 21:48:18.340  INFO 15240 --- [      Thread-13] c.n.e.r.PeerAwareInstanceRegistryImpl    : Got 1 instances from neighboring DS node
2020-10-18 21:48:18.340  INFO 15240 --- [      Thread-13] c.n.e.r.PeerAwareInstanceRegistryImpl    : Renew threshold is: 1
2020-10-18 21:48:18.341  INFO 15240 --- [      Thread-13] c.n.e.r.PeerAwareInstanceRegistryImpl    : Changing status to UP
2020-10-18 21:48:18.343  INFO 15240 --- [    Test worker] c.a.e.EurekaServiceApplicationTests      : Started EurekaServiceApplicationTests in 7.486 seconds (JVM running for 8.358)
2020-10-18 21:48:18.349  INFO 15240 --- [      Thread-13] e.s.EurekaServerInitializerConfiguration : Started Eureka Server
]]></system-out>
  <system-err><![CDATA[]]></system-err>
</testsuite>
